Build started 12/19/2020 4:15:33 PM.
Logging verbosity is set to: Normal.     1>Project "C:\Users\Sean\Documents\Fall 2020\Misc\SLAMcourse\MyStuff\SlamSim\SLAMSim\SLAMSim.vcxproj" on node 2 (Build target(s)).
     1>InitializeBuildStatus:
         Touching "x64\Debug\SLAMSim.tlog\unsuccessfulbuild".
       ClCompile:
         C:\Program Files (x86)\Microsoft Visual Studio\2019\Community\VC\Tools\MSVC\14.25.28610\bin\HostX86\x64\CL.exe /c /I"C:\Users\Sean\Documents\Fall 2020\Misc\SLAMcourse\MyStuff\SlamSim\SLAMSim\SFML\include" /I"C:\Users\Sean\Documents\Fall 2020\Misc\SLAMcourse\MyStuff\SlamSim\SLAMSim\headers" /I"C:\Users\Sean\Documents\Fall 2020\Misc\SLAMcourse\MyStuff\SlamSim\SLAMSim" /I"C:\Users\Sean\Documents\Fall 2020\Misc\SLAMcourse\MyStuff\SlamSim\SLAMSim\include" /ZI /JMC /nologo /W3 /WX- /diagnostics:column /sdl /Od /D _DEBUG /D _CONSOLE /D _UNICODE /D UNICODE /Gm- /EHsc /RTC1 /MDd /GS /fp:precise /permissive- /Zc:wchar_t /Zc:forScope /Zc:inline /Fo"x64\Debug\\" /Fd"x64\Debug\vc142.pdb" /Gd /TP /FC /errorReport:prompt include\main.cpp
         main.cpp
     1>C:\Users\Sean\Documents\Fall 2020\Misc\SLAMcourse\MyStuff\SlamSim\SLAMSim\include\main.cpp(26,58): warning C4244: 'argument': conversion from 'float' to 'unsigned int', possible loss of data
     1>C:\Users\Sean\Documents\Fall 2020\Misc\SLAMcourse\MyStuff\SlamSim\SLAMSim\include\main.cpp(26,49): warning C4244: 'argument': conversion from 'float' to 'unsigned int', possible loss of data
     1>C:\Users\Sean\Documents\Fall 2020\Misc\SLAMcourse\MyStuff\SlamSim\SLAMSim\include\main.cpp(71,91): warning C4244: 'argument': conversion from 'int' to 'float', possible loss of data
     1>C:\Users\Sean\Documents\Fall 2020\Misc\SLAMcourse\MyStuff\SlamSim\SLAMSim\include\main.cpp(71,70): warning C4244: 'argument': conversion from 'int' to 'float', possible loss of data
     1>C:\Users\Sean\Documents\Fall 2020\Misc\SLAMcourse\MyStuff\SlamSim\SLAMSim\include\main.cpp(72,83): error C2440: '=': cannot convert from 'bool' to 'bool *'
       C:\Users\Sean\Documents\Fall 2020\Misc\SLAMcourse\MyStuff\SlamSim\SLAMSim\include\main.cpp(72,57): message : Conversion from integral type to pointer type requires reinterpret_cast, C-style cast or function-style cast
     1>Done Building Project "C:\Users\Sean\Documents\Fall 2020\Misc\SLAMcourse\MyStuff\SlamSim\SLAMSim\SLAMSim.vcxproj" (Build target(s)) -- FAILED.

Build FAILED.

       "C:\Users\Sean\Documents\Fall 2020\Misc\SLAMcourse\MyStuff\SlamSim\SLAMSim\SLAMSim.vcxproj" (Build target) (1) ->
       (ClCompile target) -> 
         C:\Users\Sean\Documents\Fall 2020\Misc\SLAMcourse\MyStuff\SlamSim\SLAMSim\include\main.cpp(26,58): warning C4244: 'argument': conversion from 'float' to 'unsigned int', possible loss of data
         C:\Users\Sean\Documents\Fall 2020\Misc\SLAMcourse\MyStuff\SlamSim\SLAMSim\include\main.cpp(26,49): warning C4244: 'argument': conversion from 'float' to 'unsigned int', possible loss of data
         C:\Users\Sean\Documents\Fall 2020\Misc\SLAMcourse\MyStuff\SlamSim\SLAMSim\include\main.cpp(71,91): warning C4244: 'argument': conversion from 'int' to 'float', possible loss of data
         C:\Users\Sean\Documents\Fall 2020\Misc\SLAMcourse\MyStuff\SlamSim\SLAMSim\include\main.cpp(71,70): warning C4244: 'argument': conversion from 'int' to 'float', possible loss of data


       "C:\Users\Sean\Documents\Fall 2020\Misc\SLAMcourse\MyStuff\SlamSim\SLAMSim\SLAMSim.vcxproj" (Build target) (1) ->
       (ClCompile target) -> 
         C:\Users\Sean\Documents\Fall 2020\Misc\SLAMcourse\MyStuff\SlamSim\SLAMSim\include\main.cpp(72,83): error C2440: '=': cannot convert from 'bool' to 'bool *'

    4 Warning(s)
    1 Error(s)

Time Elapsed 00:00:00.70
